Log file open, 03/14/18 17:24:15
LogWindows: Failed to load 'aqProf.dll' (GetLastError=126)
LogWindows: File 'aqProf.dll' does not exist
LogWindows: Failed to load 'VSPerf140.dll' (GetLastError=126)
LogWindows: File 'VSPerf140.dll' does not exist
LogWindows: Failed to load 'VtuneApi.dll' (GetLastError=126)
LogWindows: File 'VtuneApi.dll' does not exist
LogWindows: Failed to load 'VtuneApi32e.dll' (GetLastError=126)
LogWindows: File 'VtuneApi32e.dll' does not exist
LogInit: Display: Running engine for game: SCP
LogPlatformFile: Not using cached read wrapper
LogInit: Display: RandInit(-68649097) SRandInit(-68649097).
LogInit: Read version file with build ID '3709383'
LogInit: Overriding engine version to CL 3832480, compatible CL 3709383
LogInit: Registered custom module enumerator with build ID '3709383'
LogTaskGraph: Started task graph with 5 named threads and 14 total threads with 3 sets of task threads.
LogStats: Stats thread started at 0.188624
LogD3D11RHI: Aftermath initialized
LogModuleManager: Display: Found up-to-date module file ../../../Engine/Plugins/2D/Paper2D/Binaries/Win64/UE4Editor-Paper2D.dll (API version 3709383).
LogModuleManager: Display: Found up-to-date module file ../../../Engine/Plugins/2D/Paper2D/Binaries/Win64/UE4Editor-Paper2DEditor.dll (API version 3709383).
LogModuleManager: Display: Found up-to-date module file ../../../Engine/Plugins/2D/Paper2D/Binaries/Win64/UE4Editor-PaperSpriteSheetImporter.dll (API version 3709383).
LogModuleManager: Display: Found up-to-date module file ../../../Engine/Plugins/2D/Paper2D/Binaries/Win64/UE4Editor-PaperTiledImporter.dll (API version 3709383).
LogModuleManager: Display: Found up-to-date module file ../../../Engine/Plugins/2D/Paper2D/Binaries/Win64/UE4Editor-SmartSnapping.dll (API version 3709383).
LogModuleManager: Display: Found up-to-date module file ../../../Engine/Plugins/Blendables/LightPropagationVolume/Binaries/Win64/UE4Editor-LightPropagationVolumeRuntime.dll (API version 3709383).
LogModuleManager: Display: Found up-to-date module file ../../../Engine/Plugins/Blendables/LightPropagationVolume/Binaries/Win64/UE4Editor-LightPropagationVolumeEditor.dll (API version 3709383).
LogModuleManager: Display: Found up-to-date module file ../../../Engine/Plugins/Developer/GitSourceControl/Binaries/Win64/UE4Editor-GitSourceControl.dll (API version 3709383).
LogModuleManager: Display: Found up-to-date module file ../../../Engine/Plugins/Developer/PerforceSourceControl/Binaries/Win64/UE4Editor-PerforceSourceControl.dll (API version 3709383).
LogModuleManager: Display: Found up-to-date module file ../../../Engine/Plugins/Developer/SubversionSourceControl/Binaries/Win64/UE4Editor-SubversionSourceControl.dll (API version 3709383).
LogModuleManager: Display: Found up-to-date module file ../../../Engine/Plugins/Developer/UObjectPlugin/Binaries/Win64/UE4Editor-UObjectPlugin.dll (API version 3709383).
LogModuleManager: Display: Found up-to-date module file ../../../Engine/Plugins/Developer/VisualStudioCodeSourceCodeAccess/Binaries/Win64/UE4Editor-VisualStudioCodeSourceCodeAccess.dll (API version 3709383).
LogModuleManager: Display: Found up-to-date module file ../../../Engine/Plugins/Developer/VisualStudioSourceCodeAccess/Binaries/Win64/UE4Editor-VisualStudioSourceCodeAccess.dll (API version 3709383).
LogModuleManager: Display: Found up-to-date module file ../../../Engine/Plugins/Editor/AssetManagerEditor/Binaries/Win64/UE4Editor-AssetManagerEditor.dll (API version 3709383).
LogModuleManager: Display: Found up-to-date module file ../../../Engine/Plugins/Editor/AudioCapture/Binaries/Win64/UE4Editor-AudioCapture.dll (API version 3709383).
LogModuleManager: Display: Found up-to-date module file ../../../Engine/Plugins/Editor/FacialAnimation/Binaries/Win64/UE4Editor-FacialAnimation.dll (API version 3709383).
LogModuleManager: Display: Found up-to-date module file ../../../Engine/Plugins/Editor/FacialAnimation/Binaries/Win64/UE4Editor-FacialAnimationEditor.dll (API version 3709383).
LogModuleManager: Display: Found up-to-date module file ../../../Engine/Plugins/Editor/GameplayTagsEditor/Binaries/Win64/UE4Editor-GameplayTagsEditor.dll (API version 3709383).
LogModuleManager: Display: Found up-to-date module file ../../../Engine/Plugins/Editor/MobileLauncherProfileWizard/Binaries/Win64/UE4Editor-MobileLauncherProfileWizard.dll (API version 3709383).
LogModuleManager: Display: Found up-to-date module file ../../../Engine/Plugins/Editor/PluginBrowser/Binaries/Win64/UE4Editor-PluginBrowser.dll (API version 3709383).
LogModuleManager: Display: Found up-to-date module file ../../../Engine/Plugins/Editor/SpeedTreeImporter/Binaries/Win64/UE4Editor-SpeedTreeImporter.dll (API version 3709383).
LogModuleManager: Display: Found up-to-date module file ../../../Engine/Plugins/Experimental/AlembicImporter/Binaries/Win64/UE4Editor-AlembicImporter.dll (API version 3709383).
LogModuleManager: Display: Found up-to-date module file ../../../Engine/Plugins/Experimental/AlembicImporter/Binaries/Win64/UE4Editor-AlembicLibrary.dll (API version 3709383).
LogModuleManager: Display: Found up-to-date module file ../../../Engine/Plugins/Experimental/CharacterAI/Binaries/Win64/UE4Editor-CharacterAI.dll (API version 3709383).
LogModuleManager: Display: Found up-to-date module file ../../../Engine/Plugins/Experimental/HTML5Networking/Binaries/Win64/UE4Editor-HTML5Networking.dll (API version 3709383).
LogModuleManager: Display: Found up-to-date module file ../../../Engine/Plugins/Media/AndroidMedia/Binaries/Win64/UE4Editor-AndroidMediaEditor.dll (API version 3709383).
LogModuleManager: Display: Found up-to-date module file ../../../Engine/Plugins/Media/AndroidMedia/Binaries/Win64/UE4Editor-AndroidMediaFactory.dll (API version 3709383).
LogModuleManager: Display: Found up-to-date module file ../../../Engine/Plugins/Media/AvfMedia/Binaries/Win64/UE4Editor-AvfMediaEditor.dll (API version 3709383).
LogModuleManager: Display: Found up-to-date module file ../../../Engine/Plugins/Media/AvfMedia/Binaries/Win64/UE4Editor-AvfMediaFactory.dll (API version 3709383).
LogModuleManager: Display: Found up-to-date module file ../../../Engine/Plugins/Media/AvfMedia/Binaries/Win64/UE4Editor-AvfMediaFactory.dll (API version 3709383).
LogModuleManager: Display: Found up-to-date module file ../../../Engine/Plugins/Media/ImgMedia/Binaries/Win64/UE4Editor-ImgMedia.dll (API version 3709383).
LogModuleManager: Display: Found up-to-date module file ../../../Engine/Plugins/Media/ImgMedia/Binaries/Win64/UE4Editor-ImgMediaEditor.dll (API version 3709383).
LogModuleManager: Display: Found up-to-date module file ../../../Engine/Plugins/Media/ImgMedia/Binaries/Win64/UE4Editor-ImgMediaFactory.dll (API version 3709383).
LogModuleManager: Display: Found up-to-date module file ../../../Engine/Plugins/Media/ImgMedia/Binaries/Win64/UE4Editor-ImgMediaFactory.dll (API version 3709383).
LogModuleManager: Display: Found up-to-date module file ../../../Engine/Plugins/Media/ImgMedia/Binaries/Win64/UE4Editor-OpenExrWrapper.dll (API version 3709383).
LogModuleManager: Display: Found up-to-date module file ../../../Engine/Plugins/Media/MediaCompositing/Binaries/Win64/UE4Editor-MediaCompositing.dll (API version 3709383).
LogModuleManager: Display: Found up-to-date module file ../../../Engine/Plugins/Media/MediaCompositing/Binaries/Win64/UE4Editor-MediaCompositingEditor.dll (API version 3709383).
LogModuleManager: Display: Found up-to-date module file ../../../Engine/Plugins/Media/MediaPlayerEditor/Binaries/Win64/UE4Editor-MediaPlayerEditor.dll (API version 3709383).
LogModuleManager: Display: Found up-to-date module file ../../../Engine/Plugins/Media/WmfMedia/Binaries/Win64/UE4Editor-WmfMedia.dll (API version 3709383).
LogModuleManager: Display: Found up-to-date module file ../../../Engine/Plugins/Media/WmfMedia/Binaries/Win64/UE4Editor-WmfMediaEditor.dll (API version 3709383).
LogModuleManager: Display: Found up-to-date module file ../../../Engine/Plugins/Media/WmfMedia/Binaries/Win64/UE4Editor-WmfMediaFactory.dll (API version 3709383).
LogModuleManager: Display: Found up-to-date module file ../../../Engine/Plugins/Media/WmfMedia/Binaries/Win64/UE4Editor-WmfMediaFactory.dll (API version 3709383).
LogModuleManager: Display: Found up-to-date module file ../../../Engine/Plugins/Messaging/TcpMessaging/Binaries/Win64/UE4Editor-TcpMessaging.dll (API version 3709383).
LogModuleManager: Display: Found up-to-date module file ../../../Engine/Plugins/Messaging/UdpMessaging/Binaries/Win64/UE4Editor-UdpMessaging.dll (API version 3709383).
LogModuleManager: Display: Found up-to-date module file ../../../Engine/Plugins/MovieScene/ActorSequence/Binaries/Win64/UE4Editor-ActorSequence.dll (API version 3709383).
LogModuleManager: Display: Found up-to-date module file ../../../Engine/Plugins/MovieScene/LevelSequenceEditor/Binaries/Win64/UE4Editor-LevelSequenceEditor.dll (API version 3709383).
LogModuleManager: Display: Found up-to-date module file ../../../Engine/Plugins/MovieScene/MatineeToLevelSequence/Binaries/Win64/UE4Editor-MatineeToLevelSequence.dll (API version 3709383).
LogModuleManager: Display: Found up-to-date module file ../../../Engine/Plugins/Online/OnlineSubsystem/Binaries/Win64/UE4Editor-OnlineSubsystem.dll (API version 3709383).
LogModuleManager: Display: Found up-to-date module file ../../../Engine/Plugins/Runtime/AndroidPermission/Binaries/Win64/UE4Editor-AndroidPermission.dll (API version 3709383).
LogModuleManager: Display: Found up-to-date module file ../../../Engine/Plugins/Online/OnlineSubsystemNull/Binaries/Win64/UE4Editor-OnlineSubsystemNull.dll (API version 3709383).
LogModuleManager: Display: Found up-to-date module file ../../../Engine/Plugins/Online/OnlineSubsystemUtils/Binaries/Win64/UE4Editor-OnlineSubsystemUtils.dll (API version 3709383).
LogModuleManager: Display: Found up-to-date module file ../../../Engine/Plugins/Online/OnlineSubsystemUtils/Binaries/Win64/UE4Editor-OnlineBlueprintSupport.dll (API version 3709383).
LogModuleManager: Display: Found up-to-date module file ../../../Engine/Plugins/Runtime/AndroidDeviceProfileSelector/Binaries/Win64/UE4Editor-AndroidDeviceProfileSelector.dll (API version 3709383).
LogModuleManager: Display: Found up-to-date module file ../../../Engine/Plugins/Runtime/AppleARKit/Binaries/Win64/UE4Editor-AppleARKit.dll (API version 3709383).
LogModuleManager: Display: Found up-to-date module file ../../../Engine/Plugins/Runtime/ArchVisCharacter/Binaries/Win64/UE4Editor-ArchVisCharacter.dll (API version 3709383).
LogModuleManager: Display: Found up-to-date module file ../../../Engine/Plugins/Runtime/CableComponent/Binaries/Win64/UE4Editor-CableComponent.dll (API version 3709383).
LogModuleManager: Display: Found up-to-date module file ../../../Engine/Plugins/Runtime/CustomMeshComponent/Binaries/Win64/UE4Editor-CustomMeshComponent.dll (API version 3709383).
LogModuleManager: Display: Found up-to-date module file ../../../Engine/Plugins/Runtime/ExampleDeviceProfileSelector/Binaries/Win64/UE4Editor-ExampleDeviceProfileSelector.dll (API version 3709383).
LogModuleManager: Display: Found up-to-date module file ../../../Engine/Plugins/Runtime/ImmediatePhysics/Binaries/Win64/UE4Editor-ImmediatePhysics.dll (API version 3709383).
LogModuleManager: Display: Found up-to-date module file ../../../Engine/Plugins/Runtime/ImmediatePhysics/Binaries/Win64/UE4Editor-ImmediatePhysicsEditor.dll (API version 3709383).
LogModuleManager: Display: Found up-to-date module file ../../../Engine/Plugins/Runtime/LocationServicesBPLibrary/Binaries/Win64/UE4Editor-LocationServicesBPLibrary.dll (API version 3709383).
LogModuleManager: Display: Found up-to-date module file ../../../Engine/Plugins/Runtime/MobilePatchingUtils/Binaries/Win64/UE4Editor-MobilePatchingUtils.dll (API version 3709383).
LogModuleManager: Display: Found up-to-date module file ../../../Engine/Plugins/Runtime/Oculus/OculusVR/Binaries/Win64/UE4Editor-OculusHMD.dll (API version 3709383).
LogModuleManager: Display: Found up-to-date module file ../../../Engine/Plugins/Runtime/Oculus/OculusVR/Binaries/Win64/UE4Editor-OculusInput.dll (API version 3709383).
LogModuleManager: Display: Found up-to-date module file ../../../Engine/Plugins/Runtime/Oculus/OculusVR/Binaries/Win64/UE4Editor-OculusEditor.dll (API version 3709383).
LogModuleManager: Display: Found up-to-date module file ../../../Engine/Plugins/Runtime/PhysXVehicles/Binaries/Win64/UE4Editor-PhysXVehicles.dll (API version 3709383).
LogModuleManager: Display: Found up-to-date module file ../../../Engine/Plugins/Runtime/PhysXVehicles/Binaries/Win64/UE4Editor-PhysXVehiclesEditor.dll (API version 3709383).
LogModuleManager: Display: Found up-to-date module file ../../../Engine/Plugins/Runtime/ProceduralMeshComponent/Binaries/Win64/UE4Editor-ProceduralMeshComponent.dll (API version 3709383).
LogModuleManager: Display: Found up-to-date module file ../../../Engine/Plugins/Runtime/ProceduralMeshComponent/Binaries/Win64/UE4Editor-ProceduralMeshComponentEditor.dll (API version 3709383).
LogModuleManager: Display: Found up-to-date module file ../../../Engine/Plugins/Runtime/RuntimePhysXCooking/Binaries/Win64/UE4Editor-RuntimePhysXCooking.dll (API version 3709383).
LogModuleManager: Display: Found up-to-date module file ../../../Engine/Plugins/Runtime/Steam/SteamVR/Binaries/Win64/UE4Editor-SteamVR.dll (API version 3709383).
LogModuleManager: Display: Found up-to-date module file ../../../Engine/Plugins/Runtime/Steam/SteamVR/Binaries/Win64/UE4Editor-SteamVRController.dll (API version 3709383).
LogModuleManager: Display: Found up-to-date module file ../../../Engine/Plugins/Runtime/WindowsMoviePlayer/Binaries/Win64/UE4Editor-WindowsMoviePlayer.dll (API version 3709383).
LogPluginManager: Mounting plugin Paper2D
LogPluginManager: Mounting plugin LightPropagationVolume
LogPluginManager: Mounting plugin CodeLiteSourceCodeAccess
LogPluginManager: Mounting plugin GitSourceControl
LogPluginManager: Mounting plugin KDevelopSourceCodeAccess
LogPluginManager: Mounting plugin NullSourceCodeAccess
LogPluginManager: Mounting plugin PerforceSourceControl
LogPluginManager: Mounting plugin SubversionSourceControl
LogPluginManager: Mounting plugin UObjectPlugin
LogPluginManager: Mounting plugin VisualStudioCodeSourceCodeAccess
LogPluginManager: Mounting plugin VisualStudioSourceCodeAccess
LogPluginManager: Mounting plugin XCodeSourceCodeAccess
LogPluginManager: Mounting plugin AssetManagerEditor
LogPluginManager: Mounting plugin AudioCapture
LogPluginManager: Mounting plugin FacialAnimation
LogPluginManager: Mounting plugin GameplayTagsEditor
LogPluginManager: Mounting plugin MobileLauncherProfileWizard
LogPluginManager: Mounting plugin PluginBrowser
LogPluginManager: Mounting plugin SpeedTreeImporter
LogPluginManager: Mounting plugin AlembicImporter
LogPluginManager: Mounting plugin CharacterAI
LogPluginManager: Mounting plugin HTML5Networking
LogPluginManager: Mounting plugin AndroidMedia
LogPluginManager: Mounting plugin AvfMedia
LogPluginManager: Mounting plugin ImgMedia
LogPluginManager: Mounting plugin MediaCompositing
LogPluginManager: Mounting plugin MediaPlayerEditor
LogPluginManager: Mounting plugin WmfMedia
LogPluginManager: Mounting plugin TcpMessaging
LogPluginManager: Mounting plugin UdpMessaging
LogPluginManager: Mounting plugin ActorSequence
LogPluginManager: Mounting plugin LevelSequenceEditor
LogPluginManager: Mounting plugin MatineeToLevelSequence
LogPluginManager: Mounting plugin OnlineSubsystemGooglePlay
LogPluginManager: Mounting plugin OnlineSubsystemIOS
LogPluginManager: Mounting plugin OnlineSubsystem
LogPluginManager: Mounting plugin OnlineSubsystemNull
LogPluginManager: Mounting plugin OnlineSubsystemUtils
LogPluginManager: Mounting plugin AndroidDeviceProfileSelector
LogPluginManager: Mounting plugin AndroidMoviePlayer
LogPluginManager: Mounting plugin AndroidPermission
LogPluginManager: Mounting plugin AppleARKit
LogPluginManager: Mounting plugin AppleMoviePlayer
LogPluginManager: Mounting plugin ArchVisCharacter
LogPluginManager: Mounting plugin CableComponent
LogPluginManager: Mounting plugin CustomMeshComponent
LogPluginManager: Mounting plugin ExampleDeviceProfileSelector
LogPluginManager: Mounting plugin GoogleCloudMessaging
LogPluginManager: Mounting plugin ImmediatePhysics
LogPluginManager: Mounting plugin IOSDeviceProfileSelector
LogPluginManager: Mounting plugin LinuxDeviceProfileSelector
LogPluginManager: Mounting plugin LocationServicesBPLibrary
LogPluginManager: Mounting plugin MobilePatchingUtils
LogPluginManager: Mounting plugin OculusVR
LogPluginManager: Plugin shader directory ../../../Engine/Plugins/Runtime/Oculus/OculusVR/Shaders found
LogPluginManager: Mapping shader source directory ../../../Engine/Plugins/Runtime/Oculus/OculusVR/Shaders to virtual directory /Plugin/OculusVR
LogPluginManager: Mounting plugin PhysXVehicles
LogPluginManager: Mounting plugin ProceduralMeshComponent
LogPluginManager: Mounting plugin RuntimePhysXCooking
LogPluginManager: Mounting plugin SteamVR
LogPluginManager: Mounting plugin WindowsMoviePlayer
LogInit: Using libcurl 7.47.1
LogInit:  - built for x86_64-pc-win32
LogInit:  - supports SSL with OpenSSL/1.0.2g
LogInit:  - supports HTTP deflate (compression) using libz 1.2.8
LogInit:  - other features:
LogInit:      CURL_VERSION_SSL
LogInit:      CURL_VERSION_LIBZ
LogInit:      CURL_VERSION_IPV6
LogInit:      CURL_VERSION_ASYNCHDNS
LogInit:      CURL_VERSION_LARGEFILE
LogInit:      CURL_VERSION_IDN
LogInit:  CurlRequestOptions (configurable via config and command line):
LogInit:  - bVerifyPeer = false  - Libcurl will NOT verify peer certificate
LogInit:  - bUseHttpProxy = false  - Libcurl will NOT use HTTP proxy
LogInit:  - bDontReuseConnections = false  - Libcurl will reuse connections
LogInit:  - CertBundlePath = nullptr  - Libcurl will use whatever was configured at build time.
LogInit: Build: ++UE4+Release-4.18-CL-3832480
LogInit: Engine Version: 4.18.3-3832480+++UE4+Release-4.18
LogInit: Compatible Engine Version: 4.18.0-3709383+++UE4+Release-4.18
LogInit: Net CL: 3709383
LogDevObjectVersion: Number of dev versions registered: 16
LogDevObjectVersion:   Dev-Blueprints (B0D832E4-1F89-4F0D-ACCF-7EB736FD4AA2): 10
LogDevObjectVersion:   Dev-Build (E1C64328-A22C-4D53-A36C-8E866417BD8C): 0
LogDevObjectVersion:   Dev-Core (375EC13C-06E4-48FB-B500-84F0262A717E): 2
LogDevObjectVersion:   Dev-Editor (E4B068ED-F494-42E9-A231-DA0B2E46BB41): 20
LogDevObjectVersion:   Dev-Framework (CFFC743F-43B0-4480-9391-14DF171D2073): 30
LogDevObjectVersion:   Dev-Mobile (B02B49B5-BB20-44E9-A304-32B752E40360): 0
LogDevObjectVersion:   Dev-Networking (A4E4105C-59A1-49B5-A7C5-40C4547EDFEE): 0
LogDevObjectVersion:   Dev-Online (39C831C9-5AE6-47DC-9A44-9C173E1C8E7C): 0
LogDevObjectVersion:   Dev-Physics (78F01B33-EBEA-4F98-B9B4-84EACCB95AA2): 0
LogDevObjectVersion:   Dev-Platform (6631380F-2D4D-43E0-8009-CF276956A95A): 0
LogDevObjectVersion:   Dev-Rendering (12F88B9F-8875-4AFC-A67C-D90C383ABD29): 20
LogDevObjectVersion:   Dev-Sequencer (7B5AE74C-D270-4C10-A958-57980B212A5A): 4
LogDevObjectVersion:   Dev-VR (D7296918-1DD6-4BDD-9DE2-64A83CC13884): 0
LogDevObjectVersion:   Dev-LoadTimes (C2A15278-BFE7-4AFE-6C17-90FF531DF755): 1
LogDevObjectVersion:   Private-Geometry (6EACA3D4-40EC-4CC1-B786-8BED09428FC5): 1
LogDevObjectVersion:   Dev-AnimPhys (29E575DD-E0A3-4627-9D10-D276232CDCEA): 12
LogInit: Compiled (64-bit): Jan 12 2018 02:04:55
LogInit: Compiled with Visual C++: 19.00.24215.01
LogInit: Build Configuration: Development
LogInit: Branch Name: ++UE4+Release-4.18
LogInit: Command line: -EpicPortal 
LogInit: Base directory: B:/Epic Games/UE_4.18/Engine/Binaries/Win64/
LogInit: Installed Engine Build: 1
LogInit: Presizing for max 8388607 objects, including 0 objects not considered by GC, pre-allocating 0 bytes for permanent pool.
LogInit: Object subsystem initialized
[2018.03.14-21.24.17:087][  0]LogInit: Selected Device Profile: [Windows]
[2018.03.14-21.24.17:087][  0]LogInit: Applying CVar settings loaded from the selected device profile: [Windows]
[2018.03.14-21.24.17:131][  0]LogInit: Computer: STEPHANIE-PC
[2018.03.14-21.24.17:131][  0]LogInit: User: Liam
[2018.03.14-21.24.17:131][  0]LogInit: CPU Page size=4096, Cores=4
[2018.03.14-21.24.17:131][  0]LogInit: High frequency timer resolution =3.919541 MHz
[2018.03.14-21.24.17:131][  0]LogMemory: Memory total: Physical=15.9GB (16GB approx)
[2018.03.14-21.24.17:131][  0]LogMemory: Platform Memory Stats for Windows
[2018.03.14-21.24.17:131][  0]LogMemory: Process Physical Memory: 274.73 MB used, 274.73 MB peak
[2018.03.14-21.24.17:131][  0]LogMemory: Process Virtual Memory: 272.66 MB used, 272.66 MB peak
[2018.03.14-21.24.17:131][  0]LogMemory: Physical Memory: 4985.44 MB used,  11296.70 MB free, 16282.14 MB total
[2018.03.14-21.24.17:131][  0]LogMemory: Virtual Memory: 624.22 MB used,  11296.70 MB free, 8388608.00 MB total
[2018.03.14-21.24.17:297][  0]LogInit: Using OS detected language (en-US).
[2018.03.14-21.24.17:297][  0]LogInit: Using OS detected locale (en-US).
[2018.03.14-21.24.17:301][  0]LogTextLocalizationManager: No specific localization for 'en-US' exists, so the 'en' localization will be used.
[2018.03.14-21.24.17:846][  0]LogWindows: Failed to load 'shcore.dll' (GetLastError=126)
[2018.03.14-21.24.17:846][  0]LogWindows: File 'shcore.dll' does not exist
[2018.03.14-21.24.17:846][  0]LogInit: Setting process to DPI aware
[2018.03.14-21.24.17:880][  0]LogWindows: Failed to load 'shcore.dll' (GetLastError=126)
[2018.03.14-21.24.17:880][  0]LogWindows: File 'shcore.dll' does not exist
[2018.03.14-21.24.17:880][  0]LogInit: Setting process to DPI aware
[2018.03.14-21.24.18:201][  0]LogD3D11RHI: D3D11 adapters:
[2018.03.14-21.24.18:217][  0]LogD3D11RHI:    0. 'AMD Radeon (TM) R9 390 Series' (Feature Level 11_0)
[2018.03.14-21.24.18:217][  0]LogD3D11RHI:       8167/0/3840 MB DedicatedVideo/DedicatedSystem/SharedSystem, Outputs:2, VendorId:0x1002
[2018.03.14-21.24.18:217][  0]LogD3D11RHI: Chosen D3D11 Adapter: 0
[2018.03.14-21.24.18:223][  0]LogD3D11RHI: Creating new Direct3DDevice
[2018.03.14-21.24.18:223][  0]LogD3D11RHI:     GPU DeviceId: 0x67b1 (for the marketing name, search the web for "GPU Device Id")
[2018.03.14-21.24.18:223][  0]LogWindows: EnumDisplayDevices:
[2018.03.14-21.24.18:223][  0]LogWindows:    0. 'AMD Radeon (TM) R9 390 Series' (P:0 D:1)
[2018.03.14-21.24.18:223][  0]LogWindows:    1. 'AMD Radeon (TM) R9 390 Series' (P:1 D:1)
[2018.03.14-21.24.18:224][  0]LogWindows:    2. 'AMD Radeon (TM) R9 390 Series' (P:0 D:0)
[2018.03.14-21.24.18:224][  0]LogWindows:    3. 'AMD Radeon (TM) R9 390 Series' (P:0 D:0)
[2018.03.14-21.24.18:224][  0]LogWindows:    4. 'AMD Radeon (TM) R9 390 Series' (P:0 D:0)
[2018.03.14-21.24.18:224][  0]LogWindows:    5. 'AMD Radeon (TM) R9 390 Series' (P:0 D:0)
[2018.03.14-21.24.18:225][  0]LogWindows:    6. 'RDPDD Chained DD' (P:0 D:0)
[2018.03.14-21.24.18:225][  0]LogWindows:    7. 'RDP Encoder Mirror Driver' (P:0 D:0)
[2018.03.14-21.24.18:225][  0]LogWindows:    8. 'RDP Reflector Display Driver' (P:0 D:0)
[2018.03.14-21.24.18:225][  0]LogWindows: DebugString: GetVideoDriverDetailsInvalid PrimaryIsNotTheChoosenAdapter GetVideoDriverDetailsInvalid PrimaryIsNotTheChoosenAdapter GetVideoDriverDetailsInvalid PrimaryIsNotTheChoosenAdapter FoundDriverCount:6 
[2018.03.14-21.24.18:225][  0]LogD3D11RHI:     Adapter Name: AMD Radeon (TM) R9 390 Series
[2018.03.14-21.24.18:225][  0]LogD3D11RHI:   Driver Version: Crimson ReLive 17.7.2 (internal:22.19.662.4, unified:22.19.662.4)
[2018.03.14-21.24.18:225][  0]LogD3D11RHI:      Driver Date: 7-20-2017
[2018.03.14-21.24.18:225][  0]LogRHI: Texture pool is 5717 MB (70% of 8167 MB)
[2018.03.14-21.24.18:263][  0]LogD3D11RHI: Async texture creation enabled
[2018.03.14-21.24.18:276][  0]LogD3D11RHI: GPU Timing Frequency: 27.000000 (Debug: 2 1)
[2018.03.14-21.24.18:276][  0]LogShaderCompilers: Guid format shader working directory is 11 characters bigger than the processId version (../../../../../Unreal Projects/SCP/Intermediate/Shaders/WorkingDirectory/3900/).
[2018.03.14-21.24.18:276][  0]LogShaderCompilers: Cleaned the shader compiler working directory 'C:/Users/Liam/AppData/Local/Temp/UnrealShaderWorkingDir/A18C8DC440015A52DB4CAA9B488BABB7/'.
[2018.03.14-21.24.18:276][  0]LogShaderCompilers: Display: Using Local Shader Compiler.
[2018.03.14-21.24.19:576][  0]LogTemp: Display: Loaded TP AllDesktopTargetPlatform
[2018.03.14-21.24.19:665][  0]LogTemp: Display: Loaded TP MacClientTargetPlatform
[2018.03.14-21.24.19:793][  0]LogTemp: Display: Loaded TP MacNoEditorTargetPlatform
[2018.03.14-21.24.19:867][  0]LogTemp: Display: Loaded TP MacServerTargetPlatform
[2018.03.14-21.24.19:947][  0]LogTemp: Display: Loaded TP MacTargetPlatform
[2018.03.14-21.24.20:013][  0]LogTemp: Display: Loaded TP WindowsClientTargetPlatform
[2018.03.14-21.24.20:087][  0]LogTemp: Display: Loaded TP WindowsNoEditorTargetPlatform
[2018.03.14-21.24.20:164][  0]LogTemp: Display: Loaded TP WindowsServerTargetPlatform
[2018.03.14-21.24.20:217][  0]LogTemp: Display: Loaded TP WindowsTargetPlatform
[2018.03.14-21.24.20:278][  0]LogTemp: Display: Loaded TP Android_ASTCTargetPlatform
[2018.03.14-21.24.20:337][  0]LogTemp: Display: Loaded TP Android_ATCTargetPlatform
[2018.03.14-21.24.20:400][  0]LogTemp: Display: Loaded TP Android_DXTTargetPlatform
[2018.03.14-21.24.20:465][  0]LogTemp: Display: Loaded TP Android_ETC1TargetPlatform
[2018.03.14-21.24.20:528][  0]LogTemp: Display: Loaded TP Android_ETC2TargetPlatform
[2018.03.14-21.24.20:660][  0]LogTemp: Display: Loaded TP Android_MultiTargetPlatform
[2018.03.14-21.24.20:660][  0]LogTemp: Display: Loaded TP Android_PVRTCTargetPlatform
[2018.03.14-21.24.20:722][  0]LogTemp: Display: Loaded TP AndroidTargetPlatform
[2018.03.14-21.24.20:766][  0]LogTemp: Display: Loaded TP HTML5TargetPlatform
[2018.03.14-21.24.20:867][  0]LogTemp: Display: Loaded TP IOSTargetPlatform
[2018.03.14-21.24.20:902][  0]LogTemp: Display: Loaded TP TVOSTargetPlatform
[2018.03.14-21.24.20:964][  0]LogTemp: Display: Loaded TP LinuxClientTargetPlatform
[2018.03.14-21.24.21:027][  0]LogTemp: Display: Loaded TP LinuxNoEditorTargetPlatform
[2018.03.14-21.24.21:088][  0]LogTemp: Display: Loaded TP LinuxServerTargetPlatform
[2018.03.14-21.24.21:151][  0]LogTemp: Display: Loaded TP LinuxTargetPlatform
[2018.03.14-21.24.21:151][  0]LogTargetPlatformManager: Display: Building Assets For Windows
[2018.03.14-21.24.21:689][  0]LogDerivedDataCache: Display: Max Cache Size: 512 MB
[2018.03.14-21.24.21:868][  0]LogDerivedDataCache: Loaded boot cache 0.18s 78MB C:/Users/Liam/AppData/Local/UnrealEngine/4.18/DerivedDataCache/Boot.ddc.
[2018.03.14-21.24.21:868][  0]LogDerivedDataCache: Display: Loaded Boot cache: C:/Users/Liam/AppData/Local/UnrealEngine/4.18/DerivedDataCache/Boot.ddc
[2018.03.14-21.24.21:868][  0]LogDerivedDataCache: FDerivedDataBackendGraph:  Pak pak cache file ../../../../../Unreal Projects/SCP/DerivedDataCache/DDC.ddp not found, will not use a pak cache.
[2018.03.14-21.24.21:868][  0]LogDerivedDataCache: Unable to find inner node Pak for hierarchical cache Hierarchy.
[2018.03.14-21.24.21:868][  0]LogDerivedDataCache: FDerivedDataBackendGraph:  CompressedPak pak cache file ../../../../../Unreal Projects/SCP/DerivedDataCache/Compressed.ddp not found, will not use a pak cache.
[2018.03.14-21.24.21:868][  0]LogDerivedDataCache: Unable to find inner node CompressedPak for hierarchical cache Hierarchy.
[2018.03.14-21.24.21:896][  0]LogDerivedDataCache: Display: Pak cache opened for reading ../../../Engine/DerivedDataCache/Compressed.ddp.
[2018.03.14-21.24.21:909][  0]LogDerivedDataCache: Using Local data cache path C:/Users/Liam/AppData/Local/UnrealEngine/Common/DerivedDataCache: Writable
[2018.03.14-21.24.21:928][  0]LogMaterial: Verifying Global Shaders for PCD3D_SM5
[2018.03.14-21.24.21:929][  0]LogSlate: Using Freetype 2.6.0
[2018.03.14-21.24.21:929][  0]LogSlate: SlateFontCache - WITH_FREETYPE: 1, WITH_HARFBUZZ: 1
[2018.03.14-21.24.21:929][  0]LogSlate: SlateFontCache - WITH_FREETYPE: 1, WITH_HARFBUZZ: 1
[2018.03.14-21.24.22:486][  0]LogInit: Selected Device Profile: [Windows]
[2018.03.14-21.24.22:883][  0]LogSimplygon: Simplygon DLL not present - disabling.
[2018.03.14-21.24.22:931][  0]LogMeshReduction: Using SimplygonSwarm for distributed automatic mesh merging
[2018.03.14-21.24.22:931][  0]LogMeshReduction: Using QuadricMeshReduction for automatic static mesh reduction
[2018.03.14-21.24.22:931][  0]LogMeshReduction: No automatic skeletal mesh reduction module available
[2018.03.14-21.24.22:931][  0]LogMeshReduction: No automatic mesh merging module available
[2018.03.14-21.24.22:931][  0]LogMeshMerging: No automatic mesh merging module available
[2018.03.14-21.24.22:999][  0]LogNetVersion: SCP , NetCL: 3709383, EngineNetVer: 2, GameNetVer: 0 (Checksum: 4150330826)
[2018.03.14-21.24.23:211][  0]LogAssetRegistry: FAssetRegistry took 0.0266 seconds to start up
[2018.03.14-21.24.23:976][  0]LogPackageLocalizationCache: Processed 7 localized package path(s) for 2 prioritized culture(s) in 0.094190 seconds
[2018.03.14-21.24.23:984][  0]LogUObjectArray: 35870 objects as part of root set at end of initial load.
[2018.03.14-21.24.23:984][  0]LogUObjectAllocator: 7363696 out of 0 bytes used by permanent object pool.
[2018.03.14-21.24.23:984][  0]LogUObjectArray: CloseDisregardForGC: 0/0 objects in disregard for GC pool
[2018.03.14-21.24.24:040][  0]LogInit: WinSock: version 1.1 (2.2), MaxSocks=32767, MaxUdp=65467
[2018.03.14-21.24.27:242][  0]LogTcpMessaging: Initializing TcpMessaging bridge
[2018.03.14-21.24.27:286][  0]LogUdpMessaging: Initializing bridge on interface 0.0.0.0:0 to multicast group 230.0.0.1:6666.
[2018.03.14-21.24.28:065][  0]LogMaterial: Uniform references updated for custom material expression Custom.
[2018.03.14-21.24.28:587][  0]SourceControl: Source control is disabled
[2018.03.14-21.24.28:587][  0]SourceControl: Source control is disabled
[2018.03.14-21.24.28:650][  0]SourceControl: Source control is disabled
[2018.03.14-21.24.28:713][  0]SourceControl: Source control is disabled
[2018.03.14-21.24.29:635][  0]LogAndroidPermission: UAndroidPermissionCallbackProxy::GetInstance
[2018.03.14-21.24.29:932][  0]LogOcInput: OculusInput pre-init called
[2018.03.14-21.24.30:269][  0]LogEngine: Initializing Engine...
[2018.03.14-21.24.30:275][  0]LogHMD: Failed to initialize OpenVR with code 105
[2018.03.14-21.24.30:627][  0]LogStats: UGameplayTagsManager::ConstructGameplayTagTree: Construct from data asset -  0.000 s
[2018.03.14-21.24.30:627][  0]LogStats: UGameplayTagsManager::ConstructGameplayTagTree: GameplayTagTreeChangedEvent.Broadcast -  0.000 s
[2018.03.14-21.24.30:784][  0]LogAIModule: Creating AISystem for world Untitled
[2018.03.14-21.24.30:811][  0]LogInit: XAudio2 using 'Speakers (Realtek High Definition Audio)' : 2 channels at 48 kHz using 32 bits per sample (channel mask 0x3)
[2018.03.14-21.24.30:826][  0]LogInit: FAudioDevice initialized.
[2018.03.14-21.24.31:420][  0]LogDerivedDataCache: Saved boot cache 0.59s 78MB C:/Users/Liam/AppData/Local/UnrealEngine/4.18/DerivedDataCache/Boot.ddc.
[2018.03.14-21.24.31:464][  0]LogInit: Texture streaming: Enabled
[2018.03.14-21.24.31:580][  0]LogEngineSessionManager: EngineSessionManager initialized
[2018.03.14-21.24.31:725][  0]LogInit: Transaction tracking system initialized
[2018.03.14-21.24.32:089][  0]BlueprintLog: New page: Editor Load
[2018.03.14-21.24.33:108][  0]LocalizationService: Localization service is disabled
[2018.03.14-21.24.33:942][  0]LogConsoleResponse: Display: 
[2018.03.14-21.24.34:207][  0]LogCook: Display: Max memory allowance for cook 16384mb min free memory 0mb
[2018.03.14-21.24.34:207][  0]LogCook: Display: Mobile HDR setting 1
[2018.03.14-21.24.34:207][  0]LogGameplayTags: Display: UGameplayTagsManager::DoneAddingNativeTags. DelegateIsBound: 0
[2018.03.14-21.24.35:470][  0]LogFileCache: Scanning file cache for directory 'B:/Unreal Projects/SCP/Content/' took 0.01s
[2018.03.14-21.24.35:523][  0]SourceControl: Source control is disabled
[2018.03.14-21.24.35:523][  0]Cmd: MAP LOAD FILE="../../../../../Unreal Projects/SCP/Content/FirstPersonBP/Maps/FirstPersonExampleMap.umap" TEMPLATE=0 SHOWPROGRESS=1 FEATURELEVEL=3
[2018.03.14-21.24.35:572][  0]LightingResults: New page: Lighting Build
[2018.03.14-21.24.35:613][  0]MapCheck: New page: Map Check
[2018.03.14-21.24.35:613][  0]LightingResults: New page: Lighting Build
[2018.03.14-21.24.37:777][  0]LogAIModule: Creating AISystem for world FirstPersonExampleMap
[2018.03.14-21.24.37:949][  0]LogEditorServer: Finished looking for orphan Actors (0.000 secs)
[2018.03.14-21.24.37:992][  0]Cmd: MAP CHECKDEP NOCLEARLOG
[2018.03.14-21.24.38:047][  0]MapCheck: Map check complete: 0 Error(s), 0 Warning(s), took 55.232ms to complete.
[2018.03.14-21.24.38:047][  0]LogFileHelpers: Loading map 'FirstPersonExampleMap' took 2.525
[2018.03.14-21.24.38:861][  0]LogCollectionManager: Loaded 0 collections in 0.001774 seconds
[2018.03.14-21.24.39:032][  0]LogFileCache: Scanning file cache for directory 'B:/Unreal Projects/SCP/Saved/Collections/' took 0.01s
[2018.03.14-21.24.39:033][  0]LogFileCache: Scanning file cache for directory 'B:/Unreal Projects/SCP/Content/Developers/Liam/Collections/' took 0.00s
[2018.03.14-21.24.39:033][  0]LogFileCache: Scanning file cache for directory 'B:/Unreal Projects/SCP/Content/Collections/' took 0.01s
[2018.03.14-21.24.39:033][  0]LogCollectionManager: Rebuilt the GUID cache for 0 collections in 0.000001 seconds
[2018.03.14-21.24.39:049][  0]LogContentBrowser: Native class hierarchy populated in 0.0149 seconds. Added 2363 classes and 519 folders.
[2018.03.14-21.24.39:204][  0]LogContentBrowser: Native class hierarchy updated for 'WidgetCarousel' in 0.0004 seconds. Added 0 classes and 0 folders.
[2018.03.14-21.24.40:141][  0]LogContentBrowser: Native class hierarchy updated for 'AddContentDialog' in 0.0003 seconds. Added 0 classes and 0 folders.
[2018.03.14-21.24.40:262][  0]LogContentBrowser: Native class hierarchy updated for 'SceneOutliner' in 0.0003 seconds. Added 1 classes and 2 folders.
[2018.03.14-21.24.40:762][  0]LogSlate: Took 0.000219 seconds to synchronously load lazily loaded font '../../../Engine/Content/Slate/Fonts/Roboto-Regular.ttf' (155K)
[2018.03.14-21.24.40:781][  0]LogSlate: Took 0.000213 seconds to synchronously load lazily loaded font '../../../Engine/Content/Slate/Fonts/Roboto-Bold.ttf' (160K)
[2018.03.14-21.24.40:825][  0]LogSlate: Took 0.015679 seconds to synchronously load lazily loaded font '../../../Engine/Content/Editor/Slate/Fonts/FontAwesome.ttf' (139K)
[2018.03.14-21.24.41:384][  0]LogRenderer: Reallocating scene render targets to support 1208x576 Format 10 NumSamples 1 (Frame:1).
[2018.03.14-21.24.41:603][  0]LogSlate: Took 0.020115 seconds to synchronously load lazily loaded font '../../../Engine/Content/Slate/Fonts/Roboto-Light.ttf' (159K)
[2018.03.14-21.24.41:845][  0]LogContentBrowser: Native class hierarchy updated for 'HierarchicalLODOutliner' in 0.0003 seconds. Added 1 classes and 2 folders.
[2018.03.14-21.24.41:845][  0]LogLoad: (Engine Initialization) Total time: 28.55 seconds
[2018.03.14-21.24.41:845][  0]LogLoad: (Engine Initialization) Total Blueprint compile time: 0.00 seconds
[2018.03.14-21.24.41:845][  0]LogExternalProfiler: No external profilers were discovered.  External profiling features will not be available.
[2018.03.14-21.24.41:917][  0]LogContentStreaming: Texture pool size now 1000 MB
[2018.03.14-21.24.42:023][  1]LogAssetRegistry: Asset discovery search completed in 18.8326 seconds
[2018.03.14-21.24.42:025][  1]LogCollectionManager: Rebuilt the object cache for 0 collections in 0.000001 seconds (found 0 objects)
[2018.03.14-21.24.42:025][  1]LogCollectionManager: Fixed up redirectors for 0 collections in 0.000042 seconds (updated 0 objects)
[2018.03.14-21.43.23:396][656]LogSlate: Took 0.000200 seconds to synchronously load lazily loaded font '../../../Engine/Content/Slate/Fonts/Roboto-Light.ttf' (159K)
[2018.03.14-21.43.23:465][656]LogFactory: FactoryCreateFile: StaticMesh with FbxFactory (0 0 C:/Users/Liam/Desktop/SCP-Solidarity/173arms(1).fbx)
[2018.03.14-21.43.23:728][656]LogFbx: ItemName: GlobalSettings, ItemCount : 1
[2018.03.14-21.43.23:728][656]LogFbx: ItemName: Geometry, ItemCount : 1
[2018.03.14-21.43.23:728][656]LogFbx: ItemName: Model, ItemCount : 1
[2018.03.14-21.43.23:728][656]LogFbx: ItemName: Material, ItemCount : 1
[2018.03.14-21.43.23:774][656]LogFbx: Loading FBX Scene from C:/Users/Liam/Desktop/SCP-Solidarity/173arms(1).fbx
[2018.03.14-21.43.23:874][656]LogFbx: FBX Scene Loaded Succesfully
[2018.03.14-21.43.42:234][656]LogFbx: Loading FBX Scene from C:/Users/Liam/Desktop/SCP-Solidarity/173arms(1).fbx
[2018.03.14-21.43.42:289][656]LogFbx: FBX Scene Loaded Succesfully
[2018.03.14-21.43.42:294][656]LogLinker: Can't find file '/Game/173_001'
[2018.03.14-21.43.42:295][656]LogLinker: Can't find file '/Game/173_001'
[2018.03.14-21.43.42:322][656]LogMaterial: Missing cached shader map for material 173_001, compiling. 
[2018.03.14-21.43.42:433][656]LogFbx: Warning: Triangulating static mesh SCP-173
[2018.03.14-21.43.43:966][656]LogStaticMesh: Building static mesh 173arms_1_...
[2018.03.14-21.43.45:420][656]LogStaticMesh: Built static mesh [1.45s] /Game/173arms_1_.173arms_1_
[2018.03.14-21.43.45:421][656]LogSlate: Took 0.000229 seconds to synchronously load lazily loaded font '../../../Engine/Content/Slate/Fonts/Roboto-Regular.ttf' (155K)
[2018.03.14-21.43.46:206][656]FBXImport: Warning: No smoothing group information was found in this FBX scene.  Please make sure to enable the 'Export Smoothing Groups' option in the FBX Exporter plug-in before exporting the file.  Even for tools that don't support smoothing groups, the FBX Exporter will generate appropriate smoothing data at export-time so that correct vertex normals can be inferred while importing. 
[2018.03.14-21.43.49:849][971]LogFileHelpers: Editor autosave (incl. sublevels) for '/Game/FirstPersonBP/Maps/FirstPersonExampleMap' took 0.019
[2018.03.14-21.43.49:908][971]OBJ SavePackage: Generating thumbnails for [1] asset(s) in package [/Game/173arms_1_] ([1] browsable assets)...
[2018.03.14-21.43.49:926][971]OBJ SavePackage:     Rendered thumbnail for [StaticMesh /Game/173arms_1_.173arms_1_]
[2018.03.14-21.43.49:927][971]OBJ SavePackage: Finished generating thumbnails for package [/Game/173arms_1_]
[2018.03.14-21.43.49:927][971]Cmd: OBJ SAVEPACKAGE PACKAGE="/Game/173arms_1_" FILE="../../../../../Unreal Projects/SCP/Saved/Autosaves/Game/173arms_1__Auto1.uasset" SILENT=false AUTOSAVING=true
[2018.03.14-21.43.49:993][971]LogSavePackage: Save=53.13ms
[2018.03.14-21.43.49:994][971]LogSavePackage: Moving '../../../../../Unreal Projects/SCP/Saved/173arms_1__Auto178C7C33D49F283A17C66A1913BA31D2C.tmp' to '../../../../../Unreal Projects/SCP/Saved/Autosaves/Game/173arms_1__Auto1.uasset'
[2018.03.14-21.43.49:994][971]LogSavePackage: Display: Finished SavePackage ../../../../../Unreal Projects/SCP/Saved/Autosaves/Game/173arms_1__Auto1.uasset
[2018.03.14-21.43.49:994][971]OBJ SavePackage: Generating thumbnails for [1] asset(s) in package [/Game/173_001] ([1] browsable assets)...
[2018.03.14-21.43.50:013][971]OBJ SavePackage:     Rendered thumbnail for [Material /Game/173_001.173_001]
[2018.03.14-21.43.50:013][971]OBJ SavePackage: Finished generating thumbnails for package [/Game/173_001]
[2018.03.14-21.43.50:013][971]Cmd: OBJ SAVEPACKAGE PACKAGE="/Game/173_001" FILE="../../../../../Unreal Projects/SCP/Saved/Autosaves/Game/173_001_Auto1.uasset" SILENT=false AUTOSAVING=true
[2018.03.14-21.43.50:025][971]LogSavePackage: Save=11.18ms
[2018.03.14-21.43.50:025][971]LogSavePackage: Moving '../../../../../Unreal Projects/SCP/Saved/173_001_Auto17CCD52044D156648F598E38A3DC1CFC8.tmp' to '../../../../../Unreal Projects/SCP/Saved/Autosaves/Game/173_001_Auto1.uasset'
[2018.03.14-21.43.50:025][971]LogSavePackage: Display: Finished SavePackage ../../../../../Unreal Projects/SCP/Saved/Autosaves/Game/173_001_Auto1.uasset
[2018.03.14-21.43.50:025][971]LogFileHelpers: Auto-saving content packages took 0.176
[2018.03.14-21.44.08:045][821]LogRenderer: Reallocating scene render targets to support 1432x964 Format 10 NumSamples 1 (Frame:1).
[2018.03.14-21.45.36:908][201]LogEditorViewport: Clicking on Actor (LMB): Pawn (Pawn)
[2018.03.14-21.45.37:438][228]Cmd: DELETE
[2018.03.14-21.45.37:438][228]Cmd: ACTOR DELETE
[2018.03.14-21.45.37:552][228]LogEditorActor: Deleted Actor: Pawn
[2018.03.14-21.45.37:607][228]LogEditorActor: Deleted 1 Actors (0.094 secs)
[2018.03.14-21.46.01:922][545]LogFactory: FactoryCreateFile: StaticMesh with FbxFactory (0 0 C:/Users/Liam/Desktop/SCP-Solidarity/173(1).fbx)
[2018.03.14-21.46.01:967][545]LogFbx: ItemName: GlobalSettings, ItemCount : 1
[2018.03.14-21.46.01:967][545]LogFbx: ItemName: NodeAttribute, ItemCount : 2
[2018.03.14-21.46.01:967][545]LogFbx: ItemName: Geometry, ItemCount : 1
[2018.03.14-21.46.01:967][545]LogFbx: ItemName: Model, ItemCount : 3
[2018.03.14-21.46.01:967][545]LogFbx: ItemName: Material, ItemCount : 1
[2018.03.14-21.46.01:974][545]LogFbx: Loading FBX Scene from C:/Users/Liam/Desktop/SCP-Solidarity/173(1).fbx
[2018.03.14-21.46.02:162][545]LogFbx: FBX Scene Loaded Succesfully
[2018.03.14-21.46.19:286][545]LogFbx: Loading FBX Scene from C:/Users/Liam/Desktop/SCP-Solidarity/173(1).fbx
[2018.03.14-21.46.19:455][545]LogFbx: FBX Scene Loaded Succesfully
[2018.03.14-21.46.19:467][545]LogFbx: Warning: Triangulating static mesh SCP-173
[2018.03.14-21.46.23:786][545]LogStaticMesh: Building static mesh 173_1_...
[2018.03.14-21.46.28:169][545]LogStaticMesh: Built static mesh [4.38s] /Game/173_1_.173_1_
[2018.03.14-21.46.30:775][545]FBXImport: Warning: No smoothing group information was found in this FBX scene.  Please make sure to enable the 'Export Smoothing Groups' option in the FBX Exporter plug-in before exporting the file.  Even for tools that don't support smoothing groups, the FBX Exporter will generate appropriate smoothing data at export-time so that correct vertex normals can be inferred while importing. 
[2018.03.14-21.53.41:608][ 51]LogSlate: Took 0.000223 seconds to synchronously load lazily loaded font '../../../Engine/Content/Slate/Fonts/Roboto-Light.ttf' (159K)
[2018.03.14-21.53.50:954][ 78]LogSavePackage: Save=245.28ms
[2018.03.14-21.53.50:954][ 78]LogSavePackage: Moving '../../../../../Unreal Projects/SCP/Saved/FirstPersonExampleMap_Auto2D77F2F9341862BC69154EA9DE3CC6928.tmp' to '../../../../../Unreal Projects/SCP/Saved/Autosaves/Game/FirstPersonBP/Maps/FirstPersonExampleMap_Auto2.umap'
[2018.03.14-21.53.50:955][ 78]LogSavePackage: Display: Finished SavePackage ../../../../../Unreal Projects/SCP/Saved/Autosaves/Game/FirstPersonBP/Maps/FirstPersonExampleMap_Auto2.umap
[2018.03.14-21.53.50:971][ 78]LogFileHelpers: Editor autosave (incl. sublevels) for '/Game/FirstPersonBP/Maps/FirstPersonExampleMap' took 0.365
[2018.03.14-21.53.50:971][ 78]LogFileHelpers: Editor autosave (incl. sublevels) for all levels took 0.365
[2018.03.14-21.57.38:406][178]LogFactory: FactoryCreateFile: StaticMesh with FbxFactory (0 0 C:/Users/Liam/Desktop/SCP-Solidarity/173(2).fbx.fbx)
[2018.03.14-21.57.39:024][178]LogFbx: ItemName: GlobalSettings, ItemCount : 1
[2018.03.14-21.57.39:024][178]LogFbx: ItemName: NodeAttribute, ItemCount : 2
[2018.03.14-21.57.39:024][178]LogFbx: ItemName: Geometry, ItemCount : 1
[2018.03.14-21.57.39:024][178]LogFbx: ItemName: Model, ItemCount : 3
[2018.03.14-21.57.39:024][178]LogFbx: ItemName: Material, ItemCount : 1
[2018.03.14-21.57.39:031][178]LogFbx: Loading FBX Scene from C:/Users/Liam/Desktop/SCP-Solidarity/173(2).fbx.fbx
[2018.03.14-21.57.41:538][178]LogFbx: FBX Scene Loaded Succesfully
[2018.03.14-21.57.46:358][178]LogFbx: Loading FBX Scene from C:/Users/Liam/Desktop/SCP-Solidarity/173(2).fbx.fbx
[2018.03.14-21.57.48:862][178]LogFbx: FBX Scene Loaded Succesfully
[2018.03.14-21.57.49:049][178]LogFbx: Warning: Triangulating static mesh SCP-173
[2018.03.14-21.59.02:663][178]LogStaticMesh: Building static mesh 173_2__fbx...
